2013-06-25T08:47:34.040018+08:00		sql	0.001256	1:(localhost) SELECT * FROM thread; ()
2013-06-25T08:47:43.796501+08:00		sql	0.000106	1:(localhost) SELECT * FROM thread; ()
2013-06-25T08:48:14.056842+08:00		sql	0.000081	1:(localhost) SELECT * FROM thread; ()
2013-06-25T08:48:33.979802+08:00		sql	0.000089	1:(localhost) SELECT * FROM thread; ()
2013-06-25T08:49:02.225639+08:00		sql	0.000103	1:(localhost) SELECT * FROM thread; ()
2013-06-25T08:52:34.924850+08:00		sql	0.000072	1:(localhost) SELECT * FROM thread; ()
2013-06-25T08:55:24.940891+08:00		sql	0.000070	1:(localhost) SELECT * FROM thread; ()
2013-06-25T08:55:26.377218+08:00		sql	0.000417	1:(localhost) SELECT * FROM thread WHERE id = ?; (1)
2013-06-25T09:02:05.770189+08:00		sql	0.000072	1:(localhost) SELECT * FROM thread; ()
2013-06-25T09:02:07.379271+08:00		sql	0.000113	1:(localhost) SELECT * FROM thread; ()
2013-06-25T09:02:08.433394+08:00		sql	0.000103	1:(localhost) SELECT * FROM thread WHERE id = ?; (1)
2013-06-25T09:02:08.434324+08:00		sql	0.000519	2:(localhost) SELECT * FROM comment WHERE thread_id = ? ORDER BY created ASC; (1)
2013-06-25T09:03:51.932274+08:00		sql	0.000152	1:(localhost) SELECT * FROM thread WHERE id = ?; (1)
2013-06-25T09:03:51.932791+08:00		sql	0.000106	2:(localhost) SELECT * FROM comment WHERE thread_id = ? ORDER BY created ASC; (1)
2013-06-25T09:10:03.005986+08:00		sql	0.000079	1:(localhost) SELECT * FROM thread WHERE id = ?; (1)
2013-06-25T09:10:03.006309+08:00		sql	0.000064	2:(localhost) SELECT * FROM comment WHERE thread_id = ? ORDER BY created ASC; (1)
2013-06-25T09:10:05.410020+08:00		sql	0.000121	1:(localhost) SELECT * FROM thread WHERE id = ?; (1)
2013-06-25T09:10:05.410555+08:00		sql	0.000108	2:(localhost) SELECT * FROM comment WHERE thread_id = ? ORDER BY created ASC; (1)
2013-06-25T09:10:20.534346+08:00		sql	0.000103	1:(localhost) SELECT * FROM thread WHERE id = ?; (1)
2013-06-25T09:10:20.615770+08:00		sql	0.080960	2:(localhost) INSERT INTO comment SET thread_id = ?, username = ?, body = ?, created = NOW(); (1, cherry, sample)
2013-06-25T09:10:21.892478+08:00		sql	0.000098	1:(localhost) SELECT * FROM thread WHERE id = ?; (1)
2013-06-25T09:10:21.893152+08:00		sql	0.000380	2:(localhost) SELECT * FROM comment WHERE thread_id = ? ORDER BY created ASC; (1)
2013-06-25T09:30:19.867912+08:00		sql	0.000075	1:(localhost) SELECT * FROM thread WHERE id = ?; (1)
2013-06-25T09:30:19.868224+08:00		sql	0.000076	2:(localhost) SELECT * FROM comment WHERE thread_id = ? ORDER BY created ASC; (1)
2013-06-25T09:30:45.750752+08:00		sql	0.000087	1:(localhost) SELECT * FROM thread WHERE id = ?; (1)
2013-06-25T09:30:45.751077+08:00		sql	0.000062	2:(localhost) SELECT * FROM comment WHERE thread_id = ? ORDER BY created ASC; (1)
2013-06-25T09:30:45.931541+08:00		sql	0.000068	1:(localhost) SELECT * FROM thread WHERE id = ?; (1)
2013-06-25T09:30:45.931871+08:00		sql	0.000070	2:(localhost) SELECT * FROM comment WHERE thread_id = ? ORDER BY created ASC; (1)
2013-06-25T09:30:46.122098+08:00		sql	0.000080	1:(localhost) SELECT * FROM thread WHERE id = ?; (1)
2013-06-25T09:30:46.122438+08:00		sql	0.000060	2:(localhost) SELECT * FROM comment WHERE thread_id = ? ORDER BY created ASC; (1)
2013-06-25T09:30:46.341771+08:00		sql	0.000118	1:(localhost) SELECT * FROM thread WHERE id = ?; (1)
2013-06-25T09:30:46.342285+08:00		sql	0.000107	2:(localhost) SELECT * FROM comment WHERE thread_id = ? ORDER BY created ASC; (1)
2013-06-25T09:30:48.046901+08:00		sql	0.000110	1:(localhost) SELECT * FROM thread WHERE id = ?; (1)
2013-06-25T09:31:48.411523+08:00		sql	0.000073	1:(localhost) SELECT * FROM thread WHERE id = ?; (1)
2013-06-25T09:31:52.184967+08:00		sql	0.000070	1:(localhost) SELECT * FROM thread WHERE id = ?; (1)
2013-06-25T09:32:02.611819+08:00		sql	0.000074	1:(localhost) SELECT * FROM thread WHERE id = ?; (1)
2013-06-25T09:32:02.699848+08:00		sql	0.087520	2:(localhost) INSERT INTO comment SET thread_id = ?, username = ?, body = ?, created = NOW(); (1, dasdsd, sagdfgsdfg)
2013-06-25T09:32:04.136106+08:00		sql	0.000060	1:(localhost) SELECT * FROM thread WHERE id = ?; (1)
2013-06-25T09:32:04.136686+08:00		sql	0.000345	2:(localhost) SELECT * FROM comment WHERE thread_id = ? ORDER BY created ASC; (1)
2013-06-25T09:49:15.746059+08:00		sql	0.000130	1:(localhost) SELECT * FROM thread WHERE id = ?; (1)
2013-06-25T09:49:15.746581+08:00		sql	0.000108	2:(localhost) SELECT * FROM comment WHERE thread_id = ? ORDER BY created ASC; (1)
2013-06-25T09:50:03.485261+08:00		sql	0.000094	1:(localhost) SELECT * FROM thread WHERE id = ?; (1)
2013-06-25T09:50:03.485583+08:00		sql	0.000069	2:(localhost) SELECT * FROM comment WHERE thread_id = ? ORDER BY created ASC; (1)
2013-06-25T09:50:10.051140+08:00		sql	0.000154	1:(localhost) SELECT * FROM thread; ()
2013-06-25T09:50:28.508553+08:00		sql	0.000067	1:(localhost) BEGIN; ()
2013-06-25T09:50:28.509176+08:00		sql	0.000329	2:(localhost) INSERT INTO thread SET title = ?, created = NOW(); (hi)
2013-06-25T09:50:28.509679+08:00		sql	0.000230	3:(localhost) INSERT INTO comment SET thread_id = ?, username = ?, body = ?, created = NOW(); (2, cherry, this is a thread)
2013-06-25T09:50:28.564700+08:00		sql	0.054760	4:(localhost) COMMIT; ()
2013-06-25T09:50:29.550917+08:00		sql	0.000320	1:(localhost) SELECT * FROM thread WHERE id = ?; (2)
2013-06-25T09:50:29.551534+08:00		sql	0.000320	2:(localhost) SELECT * FROM comment WHERE thread_id = ? ORDER BY created ASC; (2)
2013-06-25T09:50:37.378906+08:00		sql	0.000258	1:(localhost) SELECT * FROM thread; ()
2013-06-25T09:51:20.548495+08:00		sql	0.000069	1:(localhost) SELECT * FROM thread WHERE id = ?; (2)
2013-06-25T09:51:20.548821+08:00		sql	0.000069	2:(localhost) SELECT * FROM comment WHERE thread_id = ? ORDER BY created ASC; (2)
2013-06-25T09:52:20.302472+08:00		sql	0.000109	1:(localhost) SELECT * FROM thread; ()
2013-06-25T10:56:40.541191+08:00		sql	0.119216	1:(localhost) INSERT INTO accounts SET username = ?, password = ?; (cherry, c7a4476fc64b75ead800da9ea2b7d072)
2013-06-25T11:24:17.373961+08:00		sql	0.000077	1:(localhost) SELECT * FROM thread; ()
2013-06-25T11:24:20.355041+08:00		sql	0.000388	1:(localhost) SELECT * FROM thread WHERE id = ?; (1)
2013-06-25T11:24:20.355954+08:00		sql	0.000467	2:(localhost) SELECT * FROM comment WHERE thread_id = ? ORDER BY created ASC; (1)
2013-06-25T11:24:23.698391+08:00		sql	0.000115	1:(localhost) SELECT * FROM thread WHERE id = ?; (1)
2013-06-25T11:25:28.031433+08:00		sql	0.000119	1:(localhost) SELECT * FROM thread WHERE id = ?; (1)
2013-06-25T11:46:08.793425+08:00		sql	0.042465	1:(localhost) INSERT INTO accounts SET username = ?, password = ?; (joy, 827ccb0eea8a706c4c34a16891f84e7b)
2013-06-25T11:46:44.137165+08:00		sql	0.040826	1:(localhost) INSERT INTO accounts SET username = ?, password = ?; (joy, 827ccb0eea8a706c4c34a16891f84e7b)
2013-06-25T11:46:48.308786+08:00		sql	0.064330	1:(localhost) INSERT INTO accounts SET username = ?, password = ?; (joy, d41d8cd98f00b204e9800998ecf8427e)
2013-06-25T11:49:27.071366+08:00		sql	0.074358	1:(localhost) INSERT INTO accounts SET username = ?, password = ?; (joy, d41d8cd98f00b204e9800998ecf8427e)
2013-06-25T11:50:03.469712+08:00		sql	0.051648	1:(localhost) INSERT INTO accounts SET username = ?, password = ?; (, d41d8cd98f00b204e9800998ecf8427e)
2013-06-25T11:50:08.786554+08:00		sql	0.091129	1:(localhost) INSERT INTO accounts SET username = ?, password = ?; (joy, d41d8cd98f00b204e9800998ecf8427e)
2013-06-25T11:50:24.341932+08:00		sql	0.055330	1:(localhost) INSERT INTO accounts SET username = ?, password = ?; (joy, d41d8cd98f00b204e9800998ecf8427e)
2013-06-25T11:50:27.366228+08:00		sql	0.041742	1:(localhost) INSERT INTO accounts SET username = ?, password = ?; (, d41d8cd98f00b204e9800998ecf8427e)
2013-06-25T11:52:46.412612+08:00		sql	0.109831	1:(localhost) INSERT INTO accounts SET username = ?, password = md5(?); (joy, )
2013-06-25T11:58:10.774758+08:00		sql	0.075121	1:(localhost) INSERT INTO accounts SET username = ?, password = md5(?); (gjgj, )
2013-06-25T12:13:25.078210+08:00		sql	0.077734	1:(localhost) INSERT INTO accounts SET username = ?, password = md5(?); (gdgdfg, )
2013-06-25T12:15:28.146206+08:00		sql	0.059574	1:(localhost) INSERT INTO accounts SET username = ?, password = md5(?); (gdgdfg, )
2013-06-25T12:15:31.870149+08:00		sql	0.049879	1:(localhost) INSERT INTO accounts SET username = ?, password = md5(?); (gdgdfg, )
2013-06-25T12:16:25.330919+08:00		sql	0.070404	1:(localhost) INSERT INTO accounts SET username = ?, password = md5(?); (rrwe, )
2013-06-25T13:28:24.811162+08:00		sql	0.116578	1:(localhost) INSERT INTO accounts SET firstname = ?, lastname = ?, username = ?, password = md5(?); (cherry, labalan, che, cherry)
2013-06-25T13:32:34.684674+08:00		sql	0.000093	1:(localhost) SELECT * FROM thread; ()
2013-06-25T13:34:30.475177+08:00		sql	0.000084	1:(localhost) SELECT * FROM thread; ()
2013-06-25T13:35:01.849131+08:00		sql	0.000142	1:(localhost) SELECT * FROM thread; ()
2013-06-25T13:35:04.085650+08:00		sql	0.000081	1:(localhost) SELECT * FROM thread; ()
2013-06-25T13:35:05.989228+08:00		sql	0.000111	1:(localhost) SELECT * FROM thread; ()
2013-06-25T13:35:07.498478+08:00		sql	0.000102	1:(localhost) SELECT * FROM thread; ()
2013-06-25T13:36:10.429038+08:00		sql	0.000135	1:(localhost) SELECT * FROM thread; ()
2013-06-25T13:37:50.428762+08:00		sql	0.000081	1:(localhost) SELECT * FROM thread; ()
2013-06-25T13:38:41.181097+08:00		sql	0.000084	1:(localhost) SELECT * FROM thread; ()
2013-06-25T13:38:43.598109+08:00		sql	0.000109	1:(localhost) SELECT * FROM thread; ()
2013-06-25T13:38:45.764417+08:00		sql	0.000110	1:(localhost) SELECT * FROM thread; ()
2013-06-25T13:39:15.832178+08:00		sql	0.000100	1:(localhost) SELECT * FROM thread; ()
2013-06-25T13:39:16.668249+08:00		sql	0.000138	1:(localhost) SELECT * FROM thread; ()
2013-06-25T13:39:17.377358+08:00		sql	0.000112	1:(localhost) SELECT * FROM thread; ()
2013-06-25T13:39:32.716400+08:00		sql	0.000090	1:(localhost) BEGIN; ()
2013-06-25T13:39:32.716953+08:00		sql	0.000294	2:(localhost) INSERT INTO thread SET title = ?, created = NOW(); (sample)
2013-06-25T13:39:32.717352+08:00		sql	0.000172	3:(localhost) INSERT INTO comment SET thread_id = ?, username = ?, body = ?, created = NOW(); (3, cj, dkmfkdl)
2013-06-25T13:39:32.764616+08:00		sql	0.047066	4:(localhost) COMMIT; ()
2013-06-25T13:39:34.093963+08:00		sql	0.000403	1:(localhost) SELECT * FROM thread WHERE id = ?; (3)
2013-06-25T13:39:34.094845+08:00		sql	0.000435	2:(localhost) SELECT * FROM comment WHERE thread_id = ? ORDER BY created ASC; (3)
2013-06-25T13:39:40.233999+08:00		sql	0.000242	1:(localhost) SELECT * FROM thread; ()
2013-06-25T13:39:42.137530+08:00		sql	0.000072	1:(localhost) SELECT * FROM thread; ()
2013-06-25T13:39:42.953034+08:00		sql	0.000069	1:(localhost) SELECT * FROM thread; ()
2013-06-25T13:43:56.690728+08:00		sql	0.000126	1:(localhost) SELECT * FROM thread; ()
2013-06-25T13:49:43.984593+08:00		sql	0.000089	1:(localhost) SELECT * FROM thread; ()
2013-06-25T13:49:47.963624+08:00		sql	0.000068	1:(localhost) SELECT * FROM thread; ()
2013-06-25T13:50:29.548658+08:00		sql	0.000077	1:(localhost) SELECT * FROM thread; ()
2013-06-25T13:50:44.982891+08:00		sql	0.000069	1:(localhost) SELECT * FROM thread; ()
2013-06-25T13:50:57.482911+08:00		sql	0.000069	1:(localhost) SELECT * FROM thread; ()
2013-06-25T13:51:20.917093+08:00		sql	0.000112	1:(localhost) SELECT * FROM thread; ()
2013-06-25T13:51:30.929841+08:00		sql	0.000067	1:(localhost) SELECT * FROM thread; ()
2013-06-25T13:52:34.146131+08:00		sql	0.000071	1:(localhost) SELECT * FROM thread; ()
2013-06-25T13:53:58.537263+08:00		sql	0.000068	1:(localhost) SELECT * FROM thread; ()
2013-06-25T13:54:03.484868+08:00		sql	0.000071	1:(localhost) SELECT * FROM thread; ()
2013-06-25T13:54:04.119803+08:00		sql	0.000116	1:(localhost) SELECT * FROM thread; ()
2013-06-25T13:59:25.993292+08:00		sql	0.000118	1:(localhost) SELECT * FROM thread; ()
2013-06-25T16:40:17.189976+08:00		sql	0.000114	1:(localhost) SELECT * FROM thread; ()
2013-06-25T16:40:20.085648+08:00		sql	0.000109	1:(localhost) SELECT * FROM thread; ()
2013-06-25T16:40:21.533336+08:00		sql	0.000071	1:(localhost) SELECT * FROM thread; ()
2013-06-25T16:40:22.738758+08:00		sql	0.000112	1:(localhost) SELECT * FROM thread; ()
2013-06-25T17:24:17.663982+08:00		sql	0.000111	1:(localhost) SELECT * FROM thread; ()
2013-06-25T17:24:18.233716+08:00		sql	0.000075	1:(localhost) SELECT * FROM thread; ()
2013-06-25T17:24:19.355338+08:00		sql	0.000115	1:(localhost) SELECT * FROM thread; ()
2013-06-25T17:24:20.158967+08:00		sql	0.000110	1:(localhost) SELECT * FROM thread; ()
2013-06-25T17:24:21.544466+08:00		sql	0.000112	1:(localhost) SELECT * FROM thread; ()
2013-06-25T17:24:23.129588+08:00		sql	0.000068	1:(localhost) SELECT * FROM thread; ()
2013-06-25T17:24:23.670577+08:00		sql	0.000072	1:(localhost) SELECT * FROM thread; ()
2013-06-25T17:24:24.916903+08:00		sql	0.000072	1:(localhost) SELECT * FROM thread; ()
2013-06-25T17:24:25.300536+08:00		sql	0.000074	1:(localhost) SELECT * FROM thread; ()
2013-06-25T17:24:26.779432+08:00		sql	0.000109	1:(localhost) SELECT * FROM thread; ()
2013-06-25T17:24:27.223244+08:00		sql	0.000110	1:(localhost) SELECT * FROM thread; ()
2013-06-25T17:24:28.808751+08:00		sql	0.000080	1:(localhost) SELECT * FROM thread; ()
2013-06-25T17:24:29.085860+08:00		sql	0.000110	1:(localhost) SELECT * FROM thread; ()
2013-06-26T07:22:11.289141+08:00		sql	0.000464	1:(localhost) SELECT * FROM thread; ()
2013-06-26T09:37:28.167316+08:00		sql	0.000139	1:(localhost) SELECT * FROM thread; ()
2013-06-26T09:37:28.858700+08:00		sql	0.000125	1:(localhost) SELECT * FROM thread; ()
2013-06-26T09:53:32.708239+08:00		sql	0.000112	1:(localhost) SELECT * FROM thread; ()
2013-06-26T09:53:32.886437+08:00		sql	0.000114	1:(localhost) SELECT * FROM thread; ()
2013-06-26T09:53:34.279287+08:00		sql	0.000401	1:(localhost) SELECT * FROM thread WHERE id = ?; (3)
2013-06-26T09:53:34.280195+08:00		sql	0.000489	2:(localhost) SELECT * FROM comment WHERE thread_id = ? ORDER BY created ASC; (3)
2013-06-26T09:53:44.117709+08:00		sql	0.000107	1:(localhost) SELECT * FROM thread WHERE id = ?; (3)
2013-06-26T09:53:44.248647+08:00		sql	0.126551	2:(localhost) INSERT INTO comment SET thread_id = ?, username = ?, body = ?, created = NOW(); (3, joy, sample)
2013-06-26T09:53:46.520522+08:00		sql	0.000130	1:(localhost) SELECT * FROM thread WHERE id = ?; (3)
2013-06-26T09:53:46.521435+08:00		sql	0.000525	2:(localhost) SELECT * FROM comment WHERE thread_id = ? ORDER BY created ASC; (3)
2013-06-26T10:18:31.709965+08:00		sql	0.000085	1:(localhost) SELECT * FROM thread; ()
2013-06-26T10:18:37.953001+08:00		sql	0.000127	1:(localhost) SELECT * FROM thread; ()
2013-06-26T10:18:38.480194+08:00		sql	0.000116	1:(localhost) SELECT * FROM thread; ()
2013-06-26T10:25:56.631658+08:00		sql	0.000120	1:(localhost) SELECT * FROM thread; ()
2013-06-26T10:25:57.067816+08:00		sql	0.000127	1:(localhost) SELECT * FROM thread; ()
2013-06-26T10:40:26.769065+08:00		sql	0.000116	1:(localhost) SELECT * FROM thread WHERE id = ?; (3)
2013-06-26T10:40:26.769586+08:00		sql	0.000112	2:(localhost) SELECT * FROM comment WHERE thread_id = ? ORDER BY created ASC; (3)
2013-06-26T11:08:06.264510+08:00		sql	0.000414	1:(localhost) SELECT id FROM accounts WHERE username = ? AND password = md5(?); (cherry, cherry)
2013-06-26T11:10:39.339351+08:00		sql	0.000108	1:(localhost) SELECT id FROM accounts WHERE username = ? AND password = md5(?); (cherry, cherry)
2013-06-26T11:10:42.969505+08:00		sql	0.000129	1:(localhost) SELECT id FROM accounts WHERE username = ? AND password = md5(?); (cherry, cherry)
2013-06-26T11:21:09.855349+08:00		sql	0.000077	1:(localhost) SELECT id FROM accounts WHERE username = ? AND password = md5(?); (cherry, cherry)
2013-06-26T11:21:33.376853+08:00		sql	0.000373	1:(localhost) SELECT id FROM accounts WHERE username = ? AND password = md5(?); (joy, sddsasa)
2013-06-26T11:37:06.490051+08:00		sql	0.000122	1:(localhost) SELECT id FROM accounts WHERE username = ? AND password = md5(?); (joy, sddsasa)
2013-06-26T11:37:25.827614+08:00		sql	0.000372	1:(localhost) SELECT id FROM accounts WHERE username = ? AND password = md5(?); (joy, dasdgg)
2013-06-26T11:38:16.504935+08:00		sql	0.000118	1:(localhost) SELECT id FROM accounts WHERE username = ? AND password = md5(?); (joy, dasdgg)
2013-06-26T11:39:22.556911+08:00		sql	0.000056	1:(localhost) SELECT id FROM accounts WHERE username = ? AND password = md5(?); (cherry, cherry)
2013-06-26T11:40:10.753146+08:00		sql	0.000377	1:(localhost) SELECT id FROM accounts WHERE username = ? AND password = md5(?); (ch, fsdf)
2013-06-26T11:45:38.072194+08:00		sql	0.000132	1:(localhost) SELECT id FROM accounts WHERE username = ? AND password = md5(?); (ch, fsdf)
2013-06-26T11:52:14.354919+08:00		sql	0.000360	1:(localhost) SELECT id, username FROM accounts WHERE username = ? AND password = md5(?); (ch, fsdf)
2013-06-26T11:52:53.795306+08:00		sql	0.000066	1:(localhost) SELECT id, username FROM accounts WHERE username = ? AND password = md5(?); (ch, fsdf)
2013-06-26T11:52:59.784482+08:00		sql	0.000364	1:(localhost) SELECT id, username FROM accounts WHERE username = ? AND password = md5(?); (chery, fsdfsd)
2013-06-26T11:53:49.253484+08:00		sql	0.000351	1:(localhost) SELECT id, username FROM accounts WHERE username = ? AND password = md5(?); (cherwer, sdfsdf)
2013-06-26T11:55:51.433832+08:00		sql	0.000078	1:(localhost) SELECT id, username FROM accounts WHERE username = ? AND password = md5(?); (cherwer, sdfsdf)
2013-06-26T11:55:55.191925+08:00		sql	0.000403	1:(localhost) SELECT id, username FROM accounts WHERE username = ? AND password = md5(?); (casfsdg, gdfg)
2013-06-26T11:56:55.152922+08:00		sql	0.000366	1:(localhost) SELECT id FROM accounts WHERE username = ? AND password = md5(?); (casfsdg, gdfg)
2013-06-26T11:56:57.264738+08:00		sql	0.000084	1:(localhost) SELECT id FROM accounts WHERE username = ? AND password = md5(?); (casfsdg, gdfg)
2013-06-26T11:57:05.597473+08:00		sql	0.000405	1:(localhost) SELECT id FROM accounts WHERE username = ? AND password = md5(?); (cherry, sdfdgdf)
2013-06-26T11:57:40.007854+08:00		sql	0.000098	1:(localhost) SELECT id FROM accounts WHERE username = ? AND password = md5(?); (cherry, sdfdgdf)
2013-06-26T11:57:42.320242+08:00		sql	0.000113	1:(localhost) SELECT id FROM accounts WHERE username = ? AND password = md5(?); (cherry, sdfdgdf)
2013-06-26T11:58:05.483454+08:00		sql	0.000122	1:(localhost) SELECT id FROM accounts WHERE username = ? AND password = md5(?); (cherry, sdfdgdf)
2013-06-26T11:59:49.056044+08:00		sql	0.000498	1:(localhost) SELECT id FROM accounts WHERE username = ? AND password = md5(?); (fsdfsd, fgdfgd)
2013-06-26T12:00:24.434691+08:00		sql	0.000114	1:(localhost) SELECT id FROM accounts WHERE username = ? AND password = md5(?); (fsdfsd, fgdfgd)
2013-06-26T12:00:28.126041+08:00		sql	0.000355	1:(localhost) SELECT id FROM accounts WHERE username = ? AND password = md5(?); (dsdfsf, fdgdfgf)
2013-06-26T12:00:31.800289+08:00		sql	0.000385	1:(localhost) SELECT id FROM accounts WHERE username = ? AND password = md5(?); (fsdfsdf, fdfsdf)
2013-06-26T12:01:27.123330+08:00		sql	0.000098	1:(localhost) SELECT id FROM accounts WHERE username = ? AND password = md5(?); (fsdfsdf, fdfsdf)
2013-06-26T12:01:33.393398+08:00		sql	0.000117	1:(localhost) SELECT id FROM accounts WHERE username = ? AND password = md5(?); (cherry, cherry)
2013-06-26T12:01:51.003459+08:00		sql	0.000080	1:(localhost) SELECT id FROM accounts WHERE username = ? AND password = md5(?); (cherry, cherry)
2013-06-26T12:01:51.018735+08:00		sql	0.000073	1:(localhost) SELECT * FROM thread; ()
2013-06-26T12:08:20.108467+08:00		sql	0.000072	1:(localhost) SELECT * FROM thread; ()
2013-06-26T12:12:00.514320+08:00		sql	0.000478	1:(localhost) SELECT * FROM thread WHERE id = ?; (1)
2013-06-26T12:12:00.585450+08:00		sql	0.070677	2:(localhost) SELECT * FROM comment WHERE thread_id = ? ORDER BY created ASC; (1)
2013-06-26T12:13:27.842205+08:00		sql	0.000080	1:(localhost) SELECT * FROM thread WHERE id = ?; (1)
2013-06-26T12:13:27.842558+08:00		sql	0.000058	2:(localhost) SELECT * FROM comment WHERE thread_id = ? ORDER BY created ASC; (1)
2013-06-26T12:13:37.843254+08:00		sql	0.000129	1:(localhost) SELECT * FROM thread WHERE id = ?; (1)
2013-06-26T12:13:37.843796+08:00		sql	0.000108	2:(localhost) SELECT * FROM comment WHERE thread_id = ? ORDER BY created ASC; (1)
2013-06-26T12:13:40.324444+08:00		sql	0.000114	1:(localhost) SELECT * FROM thread; ()
2013-06-26T12:13:51.182799+08:00		sql	0.000076	1:(localhost) SELECT id FROM accounts WHERE username = ? AND password = md5(?); (cherry, cherry)
2013-06-26T12:13:51.188500+08:00		sql	0.000072	1:(localhost) SELECT * FROM thread; ()
2013-06-26T12:17:28.286857+08:00		sql	0.000068	1:(localhost) SELECT id FROM accounts WHERE username = ? AND password = md5(?); (cherry, cherry)
2013-06-26T12:17:28.293048+08:00		sql	0.000069	1:(localhost) SELECT * FROM thread; ()
2013-06-26T12:18:20.929184+08:00		sql	0.000085	1:(localhost) SELECT id FROM accounts WHERE username = ? AND password = md5(?); (cherry, cherry)
2013-06-26T12:18:20.936665+08:00		sql	0.000095	1:(localhost) SELECT * FROM thread; ()
2013-06-26T13:38:03.611838+08:00		sql	0.000483	1:(localhost) SELECT id FROM accounts WHERE username = ? AND password = md5(?); (che, cherry)
2013-06-26T13:38:03.618413+08:00		sql	0.000080	1:(localhost) SELECT * FROM thread; ()
2013-06-26T13:41:19.848935+08:00		sql	0.000086	1:(localhost) SELECT id FROM accounts WHERE username = ? AND password = md5(?); (che, cherry)
2013-06-26T13:41:19.856978+08:00		sql	0.000089	1:(localhost) SELECT * FROM thread; ()
2013-06-26T13:59:13.465297+08:00		sql	0.000069	1:(localhost) SELECT id FROM accounts WHERE username = ? AND password = md5(?); (che, cherry)
2013-06-26T13:59:13.470960+08:00		sql	0.000071	1:(localhost) SELECT * FROM thread; ()
2013-06-26T14:04:18.619678+08:00		sql	0.000146	1:(localhost) SELECT id FROM accounts WHERE username = ? AND password = md5(?); (cherry, cherry)
2013-06-26T14:05:23.891687+08:00		sql	0.000165	1:(localhost) SELECT id FROM accounts WHERE username = ? AND password = md5(?); (cherry, cherry)
2013-06-26T14:05:23.900242+08:00		sql	0.000112	1:(localhost) SELECT * FROM thread; ()
2013-06-26T14:06:19.660030+08:00		sql	0.000075	1:(localhost) SELECT * FROM thread; ()
2013-06-26T14:06:19.867803+08:00		sql	0.000077	1:(localhost) SELECT * FROM thread; ()
2013-06-26T14:06:20.052710+08:00		sql	0.000082	1:(localhost) SELECT * FROM thread; ()
2013-06-26T14:06:20.232993+08:00		sql	0.000092	1:(localhost) SELECT * FROM thread; ()
2013-06-26T14:06:20.423427+08:00		sql	0.000122	1:(localhost) SELECT * FROM thread; ()
2013-06-26T14:06:20.601726+08:00		sql	0.000111	1:(localhost) SELECT * FROM thread; ()
2013-06-26T14:06:20.777377+08:00		sql	0.000066	1:(localhost) SELECT * FROM thread; ()
2013-06-26T14:06:32.888897+08:00		sql	0.000107	1:(localhost) SELECT id FROM accounts WHERE username = ? AND password = md5(?); (cherry, cherry)
2013-06-26T14:06:32.898635+08:00		sql	0.000088	1:(localhost) SELECT * FROM thread; ()
2013-06-26T14:08:33.753401+08:00		sql	0.000118	1:(localhost) SELECT * FROM thread; ()
2013-06-26T14:09:17.075290+08:00		sql	0.000105	1:(localhost) SELECT id FROM accounts WHERE username = ? AND password = md5(?); (che, cherry)
2013-06-26T14:09:17.082869+08:00		sql	0.000071	1:(localhost) SELECT * FROM thread; ()
2013-06-26T14:10:06.284437+08:00		sql	0.000119	1:(localhost) SELECT * FROM thread; ()
2013-06-26T14:10:11.332179+08:00		sql	0.000088	1:(localhost) SELECT * FROM thread; ()
