[24-Jun-2013 08:31:32 UTC] Exception:/home/cys-phpdev/public_html/dietcake-skeleton/dietcake/core/controller.php@36 action does not exist
[24-Jun-2013 08:31:32 UTC] PHP Notice:  Use of undefined constant DEBUG_DUMP_EXCEPTION - assumed 'DEBUG_DUMP_EXCEPTION' in /home/cys-phpdev/public_html/dietcake-skeleton/app/app_controller.php on line 26
[25-Jun-2013 00:40:01 UTC] Exception:/home/cys-phpdev/public_html/dietcake-skeleton/dietcake/core/controller.php@36 action does not exist
[25-Jun-2013 00:40:50 UTC] Exception:/home/cys-phpdev/public_html/dietcake-skeleton/dietcake/core/controller.php@36 action does not exist
[25-Jun-2013 00:40:51 UTC] Exception:/home/cys-phpdev/public_html/dietcake-skeleton/dietcake/core/controller.php@36 action does not exist
[25-Jun-2013 00:40:51 UTC] Exception:/home/cys-phpdev/public_html/dietcake-skeleton/dietcake/core/controller.php@36 action does not exist
[25-Jun-2013 00:42:39 UTC] Exception:/home/cys-phpdev/public_html/dietcake-skeleton/dietcake/core/controller.php@36 action does not exist
[25-Jun-2013 00:44:04 UTC] Exception:/home/cys-phpdev/public_html/dietcake-skeleton/dietcake/core/controller.php@36 action does not exist
[25-Jun-2013 00:44:07 UTC] Exception:/home/cys-phpdev/public_html/dietcake-skeleton/dietcake/core/controller.php@36 action does not exist
[25-Jun-2013 00:44:08 UTC] Exception:/home/cys-phpdev/public_html/dietcake-skeleton/dietcake/core/controller.php@36 action does not exist
[25-Jun-2013 00:45:16 UTC] Exception:/home/cys-phpdev/public_html/dietcake-skeleton/dietcake/core/controller.php@36 action does not exist
[25-Jun-2013 00:45:56 UTC] Exception:/home/cys-phpdev/public_html/dietcake-skeleton/dietcake/core/controller.php@36 action does not exist
[25-Jun-2013 00:46:04 UTC] Exception:/home/cys-phpdev/public_html/dietcake-skeleton/dietcake/core/controller.php@36 action does not exist
[25-Jun-2013 00:46:05 UTC] Exception:/home/cys-phpdev/public_html/dietcake-skeleton/dietcake/core/controller.php@36 action does not exist
[25-Jun-2013 00:46:05 UTC] Exception:/home/cys-phpdev/public_html/dietcake-skeleton/dietcake/core/controller.php@36 action does not exist
[25-Jun-2013 00:46:05 UTC] Exception:/home/cys-phpdev/public_html/dietcake-skeleton/dietcake/core/controller.php@36 action does not exist
[25-Jun-2013 00:48:33 UTC] PHP Notice:  Undefined variable: threads in /home/cys-phpdev/public_html/dietcake-skeleton/app/views/thread/index.php on line 3
[25-Jun-2013 00:48:33 UTC] PHP Warning:  Invalid argument supplied for foreach() in /home/cys-phpdev/public_html/dietcake-skeleton/app/views/thread/index.php on line 3
[25-Jun-2013 01:49:15 UTC] PHP Fatal error:  Call to undefined function readable_text() in /home/cys-phpdev/public_html/dietcake-skeleton/app/views/thread/view.php on line 11
[25-Jun-2013 02:11:22 UTC] Exception:/home/cys-phpdev/public_html/dietcake-skeleton/dietcake/core/controller.php@36 action does not exist
[25-Jun-2013 02:12:01 UTC] Exception:/home/cys-phpdev/public_html/dietcake-skeleton/dietcake/core/controller.php@36 action does not exist
[25-Jun-2013 02:47:45 UTC] PHP Notice:  Trying to get property of non-object in /home/cys-phpdev/public_html/dietcake-skeleton/app/models/registration.php on line 8
[25-Jun-2013 02:47:45 UTC] PHP Notice:  Trying to get property of non-object in /home/cys-phpdev/public_html/dietcake-skeleton/app/models/registration.php on line 8
[25-Jun-2013 02:47:45 UTC] Exception:/home/cys-phpdev/public_html/dietcake-skeleton/vendor/SimpleDBI/SimpleDBIStatement.php@19 SQLSTATE[23000]: Integrity constraint violation: 1048 Column 'username' cannot be null
[25-Jun-2013 02:48:44 UTC] Exception:/home/cys-phpdev/public_html/dietcake-skeleton/vendor/SimpleDBI/SimpleDBIStatement.php@19 SQLSTATE[23000]: Integrity constraint violation: 1048 Column 'username' cannot be null
[25-Jun-2013 02:50:43 UTC] PHP Parse error:  syntax error, unexpected ')' in /home/cys-phpdev/public_html/dietcake-skeleton/app/controllers/registration_controller.php on line 6
[25-Jun-2013 02:50:51 UTC] Exception:/home/cys-phpdev/public_html/dietcake-skeleton/vendor/SimpleDBI/SimpleDBIStatement.php@19 SQLSTATE[23000]: Integrity constraint violation: 1048 Column 'username' cannot be null
[25-Jun-2013 02:51:22 UTC] Exception:/home/cys-phpdev/public_html/dietcake-skeleton/vendor/SimpleDBI/SimpleDBIStatement.php@19 SQLSTATE[23000]: Integrity constraint violation: 1048 Column 'username' cannot be null
[25-Jun-2013 02:51:28 UTC] Exception:/home/cys-phpdev/public_html/dietcake-skeleton/vendor/SimpleDBI/SimpleDBIStatement.php@19 SQLSTATE[23000]: Integrity constraint violation: 1048 Column 'username' cannot be null
[25-Jun-2013 02:51:47 UTC] Exception:/home/cys-phpdev/public_html/dietcake-skeleton/vendor/SimpleDBI/SimpleDBIStatement.php@19 SQLSTATE[23000]: Integrity constraint violation: 1048 Column 'username' cannot be null
[25-Jun-2013 02:51:57 UTC] Exception:/home/cys-phpdev/public_html/dietcake-skeleton/vendor/SimpleDBI/SimpleDBIStatement.php@19 SQLSTATE[23000]: Integrity constraint violation: 1048 Column 'username' cannot be null
[25-Jun-2013 02:54:39 UTC] PHP Notice:  Undefined index: createAccount in /home/cys-phpdev/public_html/dietcake-skeleton/app/controllers/registration_controller.php on line 7
[25-Jun-2013 02:55:35 UTC] PHP Notice:  Undefined index: createAccount in /home/cys-phpdev/public_html/dietcake-skeleton/app/controllers/registration_controller.php on line 7
[25-Jun-2013 02:55:37 UTC] PHP Notice:  Undefined index: createAccount in /home/cys-phpdev/public_html/dietcake-skeleton/app/controllers/registration_controller.php on line 7
[25-Jun-2013 03:12:39 UTC] PHP Notice:  Undefined variable: account in /home/cys-phpdev/public_html/dietcake-skeleton/app/views/registration/createAccount.php on line 3
[25-Jun-2013 03:12:39 UTC] PHP Fatal error:  Call to a member function hasError() on a non-object in /home/cys-phpdev/public_html/dietcake-skeleton/app/views/registration/createAccount.php on line 3
[25-Jun-2013 03:21:09 UTC] PHP Notice:  Undefined variable: account in /home/cys-phpdev/public_html/dietcake-skeleton/app/views/registration/createAccount.php on line 3
[25-Jun-2013 03:21:09 UTC] PHP Fatal error:  Call to a member function hasError() on a non-object in /home/cys-phpdev/public_html/dietcake-skeleton/app/views/registration/createAccount.php on line 3
[25-Jun-2013 03:22:58 UTC] PHP Notice:  Undefined variable: account in /home/cys-phpdev/public_html/dietcake-skeleton/app/views/registration/createAccount.php on line 3
[25-Jun-2013 03:22:58 UTC] PHP Fatal error:  Call to a member function hasError() on a non-object in /home/cys-phpdev/public_html/dietcake-skeleton/app/views/registration/createAccount.php on line 3
[25-Jun-2013 03:25:34 UTC] PHP Notice:  Undefined variable: account in /home/cys-phpdev/public_html/dietcake-skeleton/app/views/registration/createAccount.php on line 3
[25-Jun-2013 03:25:34 UTC] PHP Fatal error:  Call to a member function hasError() on a non-object in /home/cys-phpdev/public_html/dietcake-skeleton/app/views/registration/createAccount.php on line 3
[25-Jun-2013 03:26:54 UTC] PHP Catchable fatal error:  Argument 1 passed to Registration::newAccount() must be an instance of Registration, array given, called in /home/cys-phpdev/public_html/dietcake-skeleton/app/controllers/registration_controller.php on line 18 and defined in /home/cys-phpdev/public_html/dietcake-skeleton/app/models/registration.php on line 17
[25-Jun-2013 03:29:38 UTC] PHP Catchable fatal error:  Argument 1 passed to Registration::newAccount() must be an instance of Registration, array given, called in /home/cys-phpdev/public_html/dietcake-skeleton/app/controllers/registration_controller.php on line 18 and defined in /home/cys-phpdev/public_html/dietcake-skeleton/app/models/registration.php on line 17
[25-Jun-2013 03:29:41 UTC] PHP Catchable fatal error:  Argument 1 passed to Registration::newAccount() must be an instance of Registration, array given, called in /home/cys-phpdev/public_html/dietcake-skeleton/app/controllers/registration_controller.php on line 18 and defined in /home/cys-phpdev/public_html/dietcake-skeleton/app/models/registration.php on line 17
[25-Jun-2013 03:29:55 UTC] PHP Catchable fatal error:  Argument 1 passed to Registration::newAccount() must be an instance of Registration, array given, called in /home/cys-phpdev/public_html/dietcake-skeleton/app/controllers/registration_controller.php on line 18 and defined in /home/cys-phpdev/public_html/dietcake-skeleton/app/models/registration.php on line 17
[25-Jun-2013 03:32:16 UTC] PHP Catchable fatal error:  Argument 1 passed to Registration::newAccount() must be an instance of Registration, array given, called in /home/cys-phpdev/public_html/dietcake-skeleton/app/controllers/registration_controller.php on line 18 and defined in /home/cys-phpdev/public_html/dietcake-skeleton/app/models/registration.php on line 17
[25-Jun-2013 03:32:19 UTC] PHP Catchable fatal error:  Argument 1 passed to Registration::newAccount() must be an instance of Registration, array given, called in /home/cys-phpdev/public_html/dietcake-skeleton/app/controllers/registration_controller.php on line 18 and defined in /home/cys-phpdev/public_html/dietcake-skeleton/app/models/registration.php on line 17
[25-Jun-2013 03:32:38 UTC] PHP Catchable fatal error:  Argument 1 passed to Registration::newAccount() must be an instance of Registration, array given, called in /home/cys-phpdev/public_html/dietcake-skeleton/app/controllers/registration_controller.php on line 18 and defined in /home/cys-phpdev/public_html/dietcake-skeleton/app/models/registration.php on line 17
[25-Jun-2013 03:39:05 UTC] PHP Catchable fatal error:  Argument 1 passed to Registration::newAccount() must be an instance of Registration, array given, called in /home/cys-phpdev/public_html/dietcake-skeleton/app/controllers/registration_controller.php on line 17 and defined in /home/cys-phpdev/public_html/dietcake-skeleton/app/models/registration.php on line 17
[25-Jun-2013 03:42:23 UTC] PHP Catchable fatal error:  Argument 1 passed to Registration::newAccount() must be an instance of Registration, array given, called in /home/cys-phpdev/public_html/dietcake-skeleton/app/controllers/registration_controller.php on line 19 and defined in /home/cys-phpdev/public_html/dietcake-skeleton/app/models/registration.php on line 17
[25-Jun-2013 03:44:25 UTC] PHP Catchable fatal error:  Argument 1 passed to Registration::newAccount() must be an instance of Registration, array given, called in /home/cys-phpdev/public_html/dietcake-skeleton/app/controllers/registration_controller.php on line 19 and defined in /home/cys-phpdev/public_html/dietcake-skeleton/app/models/registration.php on line 17
[25-Jun-2013 03:45:09 UTC] PHP Catchable fatal error:  Argument 1 passed to Registration::newAccount() must be an instance of Registration, array given, called in /home/cys-phpdev/public_html/dietcake-skeleton/app/controllers/registration_controller.php on line 19 and defined in /home/cys-phpdev/public_html/dietcake-skeleton/app/models/registration.php on line 4
[25-Jun-2013 03:45:21 UTC] PHP Catchable fatal error:  Argument 1 passed to Registration::newAccount() must be an instance of Registration, array given, called in /home/cys-phpdev/public_html/dietcake-skeleton/app/controllers/registration_controller.php on line 19 and defined in /home/cys-phpdev/public_html/dietcake-skeleton/app/models/registration.php on line 4
[25-Jun-2013 03:45:50 UTC] PHP Catchable fatal error:  Argument 1 passed to Registration::newAccount() must be an instance of Registration, array given, called in /home/cys-phpdev/public_html/dietcake-skeleton/app/controllers/registration_controller.php on line 19 and defined in /home/cys-phpdev/public_html/dietcake-skeleton/app/models/registration.php on line 4
[25-Jun-2013 03:46:08 UTC] PHP Notice:  Undefined index: error in /home/cys-phpdev/public_html/dietcake-skeleton/app/views/registration/createAccount.php on line 3
[25-Jun-2013 05:32:34 UTC] PHP Warning:  call_user_func() expects parameter 1 to be a valid callback, function 'routeGenerator' not found or invalid function name in /home/cys-phpdev/public_html/dietcake-skeleton/vendor/Pagerfanta/View/Template/Template.php on line 46
[25-Jun-2013 05:32:34 UTC] PHP Warning:  call_user_func() expects parameter 1 to be a valid callback, function 'routeGenerator' not found or invalid function name in /home/cys-phpdev/public_html/dietcake-skeleton/vendor/Pagerfanta/View/Template/Template.php on line 46
[25-Jun-2013 05:34:30 UTC] PHP Warning:  call_user_func() expects parameter 1 to be a valid callback, function 'routeGenerator' not found or invalid function name in /home/cys-phpdev/public_html/dietcake-skeleton/vendor/Pagerfanta/View/Template/Template.php on line 46
[25-Jun-2013 05:34:30 UTC] PHP Warning:  call_user_func() expects parameter 1 to be a valid callback, function 'routeGenerator' not found or invalid function name in /home/cys-phpdev/public_html/dietcake-skeleton/vendor/Pagerfanta/View/Template/Template.php on line 46
[25-Jun-2013 05:35:01 UTC] PHP Warning:  call_user_func() expects parameter 1 to be a valid callback, function 'routeGenerator' not found or invalid function name in /home/cys-phpdev/public_html/dietcake-skeleton/vendor/Pagerfanta/View/Template/Template.php on line 46
[25-Jun-2013 05:35:01 UTC] PHP Warning:  call_user_func() expects parameter 1 to be a valid callback, function 'routeGenerator' not found or invalid function name in /home/cys-phpdev/public_html/dietcake-skeleton/vendor/Pagerfanta/View/Template/Template.php on line 46
[25-Jun-2013 05:35:04 UTC] PHP Warning:  call_user_func() expects parameter 1 to be a valid callback, function 'routeGenerator' not found or invalid function name in /home/cys-phpdev/public_html/dietcake-skeleton/vendor/Pagerfanta/View/Template/Template.php on line 46
[25-Jun-2013 05:35:04 UTC] PHP Warning:  call_user_func() expects parameter 1 to be a valid callback, function 'routeGenerator' not found or invalid function name in /home/cys-phpdev/public_html/dietcake-skeleton/vendor/Pagerfanta/View/Template/Template.php on line 46
[25-Jun-2013 05:35:05 UTC] PHP Warning:  call_user_func() expects parameter 1 to be a valid callback, function 'routeGenerator' not found or invalid function name in /home/cys-phpdev/public_html/dietcake-skeleton/vendor/Pagerfanta/View/Template/Template.php on line 46
[25-Jun-2013 05:35:05 UTC] PHP Warning:  call_user_func() expects parameter 1 to be a valid callback, function 'routeGenerator' not found or invalid function name in /home/cys-phpdev/public_html/dietcake-skeleton/vendor/Pagerfanta/View/Template/Template.php on line 46
[25-Jun-2013 05:35:07 UTC] PHP Warning:  call_user_func() expects parameter 1 to be a valid callback, function 'routeGenerator' not found or invalid function name in /home/cys-phpdev/public_html/dietcake-skeleton/vendor/Pagerfanta/View/Template/Template.php on line 46
[25-Jun-2013 05:35:07 UTC] PHP Warning:  call_user_func() expects parameter 1 to be a valid callback, function 'routeGenerator' not found or invalid function name in /home/cys-phpdev/public_html/dietcake-skeleton/vendor/Pagerfanta/View/Template/Template.php on line 46
[25-Jun-2013 05:36:10 UTC] PHP Warning:  call_user_func() expects parameter 1 to be a valid callback, function 'routeGenerator' not found or invalid function name in /home/cys-phpdev/public_html/dietcake-skeleton/vendor/Pagerfanta/View/Template/Template.php on line 46
[25-Jun-2013 05:36:10 UTC] PHP Warning:  call_user_func() expects parameter 1 to be a valid callback, function 'routeGenerator' not found or invalid function name in /home/cys-phpdev/public_html/dietcake-skeleton/vendor/Pagerfanta/View/Template/Template.php on line 46
[25-Jun-2013 05:37:50 UTC] PHP Warning:  call_user_func() expects parameter 1 to be a valid callback, function 'routeGenerator' not found or invalid function name in /home/cys-phpdev/public_html/dietcake-skeleton/vendor/Pagerfanta/View/Template/Template.php on line 46
[25-Jun-2013 05:37:50 UTC] PHP Warning:  call_user_func() expects parameter 1 to be a valid callback, function 'routeGenerator' not found or invalid function name in /home/cys-phpdev/public_html/dietcake-skeleton/vendor/Pagerfanta/View/Template/Template.php on line 46
[25-Jun-2013 05:50:29 UTC] PHP Notice:  Undefined property: Pagerfanta\Pagerfanta::$id in /home/cys-phpdev/public_html/dietcake-skeleton/app/views/thread/index.php on line 7
[25-Jun-2013 05:50:44 UTC] PHP Fatal error:  Cannot use object of type Pagerfanta\Pagerfanta as array in /home/cys-phpdev/public_html/dietcake-skeleton/app/views/thread/index.php on line 7
[25-Jun-2013 05:51:20 UTC] PHP Parse error:  syntax error, unexpected '<' in /home/cys-phpdev/public_html/dietcake-skeleton/app/views/thread/index.php on line 7
[25-Jun-2013 05:52:34 UTC] PHP Fatal error:  Cannot access private property Pagerfanta\Pagerfanta::$currentPageResults in /home/cys-phpdev/public_html/dietcake-skeleton/app/views/thread/index.php on line 8
[25-Jun-2013 05:53:58 UTC] PHP Strict Standards:  Creating default object from empty value in /home/cys-phpdev/public_html/dietcake-skeleton/app/models/thread.php on line 79
[25-Jun-2013 05:54:03 UTC] PHP Strict Standards:  Creating default object from empty value in /home/cys-phpdev/public_html/dietcake-skeleton/app/models/thread.php on line 79
[25-Jun-2013 05:54:04 UTC] PHP Strict Standards:  Creating default object from empty value in /home/cys-phpdev/public_html/dietcake-skeleton/app/models/thread.php on line 79
[26-Jun-2013 03:03:31 UTC] PHP Warning:  require(/home/cys-phpdev/public_html/dietcake-skeleton/app/controllers/registration_registration_controller.php): failed to open stream: No such file or directory in /home/cys-phpdev/public_html/dietcake-skeleton/app/config/bootstrap.php on line 39
[26-Jun-2013 03:03:31 UTC] PHP Fatal error:  require(): Failed opening required '/home/cys-phpdev/public_html/dietcake-skeleton/app/controllers/registration_registration_controller.php' (include_path='.:/usr/share/php:/usr/share/pear') in /home/cys-phpdev/public_html/dietcake-skeleton/app/config/bootstrap.php on line 39
[26-Jun-2013 03:04:27 UTC] PHP Warning:  require(/home/cys-phpdev/public_html/dietcake-skeleton/app/controllers/registration_registration_controller.php): failed to open stream: No such file or directory in /home/cys-phpdev/public_html/dietcake-skeleton/app/config/bootstrap.php on line 39
[26-Jun-2013 03:04:27 UTC] PHP Fatal error:  require(): Failed opening required '/home/cys-phpdev/public_html/dietcake-skeleton/app/controllers/registration_registration_controller.php' (include_path='.:/usr/share/php:/usr/share/pear') in /home/cys-phpdev/public_html/dietcake-skeleton/app/config/bootstrap.php on line 39
[26-Jun-2013 03:04:29 UTC] PHP Warning:  require(/home/cys-phpdev/public_html/dietcake-skeleton/app/controllers/registration_registration_controller.php): failed to open stream: No such file or directory in /home/cys-phpdev/public_html/dietcake-skeleton/app/config/bootstrap.php on line 39
[26-Jun-2013 03:04:29 UTC] PHP Fatal error:  require(): Failed opening required '/home/cys-phpdev/public_html/dietcake-skeleton/app/controllers/registration_registration_controller.php' (include_path='.:/usr/share/php:/usr/share/pear') in /home/cys-phpdev/public_html/dietcake-skeleton/app/config/bootstrap.php on line 39
[26-Jun-2013 03:04:32 UTC] PHP Warning:  require(/home/cys-phpdev/public_html/dietcake-skeleton/app/controllers/registration_registration_controller.php): failed to open stream: No such file or directory in /home/cys-phpdev/public_html/dietcake-skeleton/app/config/bootstrap.php on line 39
[26-Jun-2013 03:04:32 UTC] PHP Fatal error:  require(): Failed opening required '/home/cys-phpdev/public_html/dietcake-skeleton/app/controllers/registration_registration_controller.php' (include_path='.:/usr/share/php:/usr/share/pear') in /home/cys-phpdev/public_html/dietcake-skeleton/app/config/bootstrap.php on line 39
[26-Jun-2013 03:05:37 UTC] PHP Warning:  require(/home/cys-phpdev/public_html/dietcake-skeleton/app/controllers/registration_registration_controller.php): failed to open stream: No such file or directory in /home/cys-phpdev/public_html/dietcake-skeleton/app/config/bootstrap.php on line 39
[26-Jun-2013 03:05:37 UTC] PHP Fatal error:  require(): Failed opening required '/home/cys-phpdev/public_html/dietcake-skeleton/app/controllers/registration_registration_controller.php' (include_path='.:/usr/share/php:/usr/share/pear') in /home/cys-phpdev/public_html/dietcake-skeleton/app/config/bootstrap.php on line 39
[26-Jun-2013 03:05:37 UTC] PHP Warning:  require(/home/cys-phpdev/public_html/dietcake-skeleton/app/controllers/registration_registration_controller.php): failed to open stream: No such file or directory in /home/cys-phpdev/public_html/dietcake-skeleton/app/config/bootstrap.php on line 39
[26-Jun-2013 03:05:37 UTC] PHP Fatal error:  require(): Failed opening required '/home/cys-phpdev/public_html/dietcake-skeleton/app/controllers/registration_registration_controller.php' (include_path='.:/usr/share/php:/usr/share/pear') in /home/cys-phpdev/public_html/dietcake-skeleton/app/config/bootstrap.php on line 39
[26-Jun-2013 03:05:37 UTC] PHP Warning:  require(/home/cys-phpdev/public_html/dietcake-skeleton/app/controllers/registration_registration_controller.php): failed to open stream: No such file or directory in /home/cys-phpdev/public_html/dietcake-skeleton/app/config/bootstrap.php on line 39
[26-Jun-2013 03:05:37 UTC] PHP Fatal error:  require(): Failed opening required '/home/cys-phpdev/public_html/dietcake-skeleton/app/controllers/registration_registration_controller.php' (include_path='.:/usr/share/php:/usr/share/pear') in /home/cys-phpdev/public_html/dietcake-skeleton/app/config/bootstrap.php on line 39
[26-Jun-2013 03:05:38 UTC] PHP Warning:  require(/home/cys-phpdev/public_html/dietcake-skeleton/app/controllers/registration_registration_controller.php): failed to open stream: No such file or directory in /home/cys-phpdev/public_html/dietcake-skeleton/app/config/bootstrap.php on line 39
[26-Jun-2013 03:05:38 UTC] PHP Fatal error:  require(): Failed opening required '/home/cys-phpdev/public_html/dietcake-skeleton/app/controllers/registration_registration_controller.php' (include_path='.:/usr/share/php:/usr/share/pear') in /home/cys-phpdev/public_html/dietcake-skeleton/app/config/bootstrap.php on line 39
[26-Jun-2013 03:05:38 UTC] PHP Warning:  require(/home/cys-phpdev/public_html/dietcake-skeleton/app/controllers/registration_registration_controller.php): failed to open stream: No such file or directory in /home/cys-phpdev/public_html/dietcake-skeleton/app/config/bootstrap.php on line 39
[26-Jun-2013 03:05:38 UTC] PHP Fatal error:  require(): Failed opening required '/home/cys-phpdev/public_html/dietcake-skeleton/app/controllers/registration_registration_controller.php' (include_path='.:/usr/share/php:/usr/share/pear') in /home/cys-phpdev/public_html/dietcake-skeleton/app/config/bootstrap.php on line 39
[26-Jun-2013 03:05:38 UTC] PHP Warning:  require(/home/cys-phpdev/public_html/dietcake-skeleton/app/controllers/registration_registration_controller.php): failed to open stream: No such file or directory in /home/cys-phpdev/public_html/dietcake-skeleton/app/config/bootstrap.php on line 39
[26-Jun-2013 03:05:38 UTC] PHP Fatal error:  require(): Failed opening required '/home/cys-phpdev/public_html/dietcake-skeleton/app/controllers/registration_registration_controller.php' (include_path='.:/usr/share/php:/usr/share/pear') in /home/cys-phpdev/public_html/dietcake-skeleton/app/config/bootstrap.php on line 39
[26-Jun-2013 03:05:38 UTC] PHP Warning:  require(/home/cys-phpdev/public_html/dietcake-skeleton/app/controllers/registration_registration_controller.php): failed to open stream: No such file or directory in /home/cys-phpdev/public_html/dietcake-skeleton/app/config/bootstrap.php on line 39
[26-Jun-2013 03:05:38 UTC] PHP Fatal error:  require(): Failed opening required '/home/cys-phpdev/public_html/dietcake-skeleton/app/controllers/registration_registration_controller.php' (include_path='.:/usr/share/php:/usr/share/pear') in /home/cys-phpdev/public_html/dietcake-skeleton/app/config/bootstrap.php on line 39
[26-Jun-2013 03:06:11 UTC] PHP Warning:  require(/home/cys-phpdev/public_html/dietcake-skeleton/app/controllers/registration_registration_controller.php): failed to open stream: No such file or directory in /home/cys-phpdev/public_html/dietcake-skeleton/app/config/bootstrap.php on line 39
[26-Jun-2013 03:06:11 UTC] PHP Fatal error:  require(): Failed opening required '/home/cys-phpdev/public_html/dietcake-skeleton/app/controllers/registration_registration_controller.php' (include_path='.:/usr/share/php:/usr/share/pear') in /home/cys-phpdev/public_html/dietcake-skeleton/app/config/bootstrap.php on line 39
[26-Jun-2013 03:06:40 UTC] PHP Warning:  require(/home/cys-phpdev/public_html/dietcake-skeleton/app/controllers/registration_registration_controller.php): failed to open stream: No such file or directory in /home/cys-phpdev/public_html/dietcake-skeleton/app/config/bootstrap.php on line 39
[26-Jun-2013 03:06:40 UTC] PHP Fatal error:  require(): Failed opening required '/home/cys-phpdev/public_html/dietcake-skeleton/app/controllers/registration_registration_controller.php' (include_path='.:/usr/share/php:/usr/share/pear') in /home/cys-phpdev/public_html/dietcake-skeleton/app/config/bootstrap.php on line 39
[26-Jun-2013 03:21:33 UTC] PHP Catchable fatal error:  Argument 1 passed to Model::__construct() must be an array, boolean given, called in /home/cys-phpdev/public_html/dietcake-skeleton/app/models/registration.php on line 17 and defined in /home/cys-phpdev/public_html/dietcake-skeleton/dietcake/core/model.php on line 8
[26-Jun-2013 03:38:16 UTC] PHP Catchable fatal error:  Argument 1 passed to Model::__construct() must be an array, boolean given, called in /home/cys-phpdev/public_html/dietcake-skeleton/app/models/registration.php on line 17 and defined in /home/cys-phpdev/public_html/dietcake-skeleton/dietcake/core/model.php on line 8
[26-Jun-2013 03:39:06 UTC] PHP Parse error:  syntax error, unexpected T_RETURN in /home/cys-phpdev/public_html/dietcake-skeleton/app/models/registration.php on line 19
[26-Jun-2013 03:52:14 UTC] PHP Notice:  Undefined property: Registration::$username in /home/cys-phpdev/public_html/dietcake-skeleton/app/controllers/registration_controller.php on line 45
[26-Jun-2013 03:52:53 UTC] PHP Notice:  Undefined property: Registration::$username in /home/cys-phpdev/public_html/dietcake-skeleton/app/controllers/registration_controller.php on line 45
[26-Jun-2013 03:52:59 UTC] PHP Notice:  Undefined property: Registration::$username in /home/cys-phpdev/public_html/dietcake-skeleton/app/controllers/registration_controller.php on line 45
[26-Jun-2013 03:53:49 UTC] PHP Notice:  Undefined property: Registration::$username in /home/cys-phpdev/public_html/dietcake-skeleton/app/controllers/registration_controller.php on line 45
[26-Jun-2013 03:57:40 UTC] PHP Fatal error:  Cannot use object of type Registration as array in /home/cys-phpdev/public_html/dietcake-skeleton/app/controllers/registration_controller.php on line 40
[26-Jun-2013 03:57:42 UTC] PHP Fatal error:  Cannot use object of type Registration as array in /home/cys-phpdev/public_html/dietcake-skeleton/app/controllers/registration_controller.php on line 40
[26-Jun-2013 04:01:33 UTC] PHP Warning:  require(/home/cys-phpdev/public_html/dietcake-skeleton/app/controllers/registration_thread_controller.php): failed to open stream: No such file or directory in /home/cys-phpdev/public_html/dietcake-skeleton/app/config/bootstrap.php on line 39
[26-Jun-2013 04:01:33 UTC] PHP Fatal error:  require(): Failed opening required '/home/cys-phpdev/public_html/dietcake-skeleton/app/controllers/registration_thread_controller.php' (include_path='.:/usr/share/php:/usr/share/pear') in /home/cys-phpdev/public_html/dietcake-skeleton/app/config/bootstrap.php on line 39
[26-Jun-2013 04:01:46 UTC] PHP Warning:  require(/home/cys-phpdev/public_html/dietcake-skeleton/app/controllers/registration_thread_controller.php): failed to open stream: No such file or directory in /home/cys-phpdev/public_html/dietcake-skeleton/app/config/bootstrap.php on line 39
[26-Jun-2013 04:01:46 UTC] PHP Fatal error:  require(): Failed opening required '/home/cys-phpdev/public_html/dietcake-skeleton/app/controllers/registration_thread_controller.php' (include_path='.:/usr/share/php:/usr/share/pear') in /home/cys-phpdev/public_html/dietcake-skeleton/app/config/bootstrap.php on line 39
[26-Jun-2013 04:18:00 UTC] PHP Notice:  A session had already been started - ignoring session_start() in /home/cys-phpdev/public_html/dietcake-skeleton/app/views/registration/loginAccount.php on line 1
[26-Jun-2013 05:40:58 UTC] PHP Notice:  A session had already been started - ignoring session_start() in /home/cys-phpdev/public_html/dietcake-skeleton/app/views/registration/loginAccount.php on line 1
[26-Jun-2013 05:40:59 UTC] PHP Notice:  A session had already been started - ignoring session_start() in /home/cys-phpdev/public_html/dietcake-skeleton/app/views/registration/loginAccount.php on line 1
[26-Jun-2013 06:05:23 UTC] PHP Notice:  Undefined variable: _SESSION in /home/cys-phpdev/public_html/dietcake-skeleton/app/controllers/thread_controller.php on line 6
[26-Jun-2013 06:06:19 UTC] PHP Notice:  Undefined variable: _SESSION in /home/cys-phpdev/public_html/dietcake-skeleton/app/controllers/thread_controller.php on line 6
[26-Jun-2013 06:06:19 UTC] PHP Notice:  Undefined variable: _SESSION in /home/cys-phpdev/public_html/dietcake-skeleton/app/controllers/thread_controller.php on line 6
[26-Jun-2013 06:06:20 UTC] PHP Notice:  Undefined variable: _SESSION in /home/cys-phpdev/public_html/dietcake-skeleton/app/controllers/thread_controller.php on line 6
[26-Jun-2013 06:06:20 UTC] PHP Notice:  Undefined variable: _SESSION in /home/cys-phpdev/public_html/dietcake-skeleton/app/controllers/thread_controller.php on line 6
[26-Jun-2013 06:06:20 UTC] PHP Notice:  Undefined variable: _SESSION in /home/cys-phpdev/public_html/dietcake-skeleton/app/controllers/thread_controller.php on line 6
[26-Jun-2013 06:06:20 UTC] PHP Notice:  Undefined variable: _SESSION in /home/cys-phpdev/public_html/dietcake-skeleton/app/controllers/thread_controller.php on line 6
[26-Jun-2013 06:06:20 UTC] PHP Notice:  Undefined variable: _SESSION in /home/cys-phpdev/public_html/dietcake-skeleton/app/controllers/thread_controller.php on line 6
[26-Jun-2013 06:06:32 UTC] PHP Notice:  Undefined variable: _SESSION in /home/cys-phpdev/public_html/dietcake-skeleton/app/controllers/thread_controller.php on line 6
